D:\PROJECT\VEDIO_UPLOADER\WINDOWS\WTLDIALOG\DEBUG\WTLDIALOG.EXE
D:\PROJECT\VEDIO_UPLOADER\WINDOWS\WTLDIALOG\DEBUG\WTLDIALOG.ILK
D:\PROJECT\VEDIO_UPLOADER\WINDOWS\WTLDIALOG\DEBUG\WTLDIALOG.PDB
D:\project\vedio_uploader\windows\WTLDialog\WTLDialog\Debug\cl.command.1.tlog
D:\project\vedio_uploader\windows\WTLDialog\WTLDialog\Debug\CL.read.1.tlog
D:\project\vedio_uploader\windows\WTLDialog\WTLDialog\Debug\CL.write.1.tlog
D:\PROJECT\VEDIO_UPLOADER\WINDOWS\WTLDIALOG\WTLDIALOG\DEBUG\DIALOGUTILS.OBJ
D:\PROJECT\VEDIO_UPLOADER\WINDOWS\WTLDIALOG\WTLDIALOG\DEBUG\FIRSTWINDOW.OBJ
D:\project\vedio_uploader\windows\WTLDialog\WTLDialog\Debug\link.command.1.tlog
D:\project\vedio_uploader\windows\WTLDialog\WTLDialog\Debug\link.read.1.tlog
D:\project\vedio_uploader\windows\WTLDialog\WTLDialog\Debug\link.write.1.tlog
D:\project\vedio_uploader\windows\WTLDialog\WTLDialog\Debug\link-cvtres.read.1.tlog
D:\project\vedio_uploader\windows\WTLDialog\WTLDialog\Debug\link-cvtres.write.1.tlog
D:\PROJECT\VEDIO_UPLOADER\WINDOWS\WTLDIALOG\WTLDIALOG\DEBUG\MAIN.OBJ
D:\project\vedio_uploader\windows\WTLDialog\WTLDialog\Debug\mt.command.1.tlog
D:\project\vedio_uploader\windows\WTLDialog\WTLDialog\Debug\mt.read.1.tlog
D:\project\vedio_uploader\windows\WTLDialog\WTLDialog\Debug\mt.write.1.tlog
D:\project\vedio_uploader\windows\WTLDialog\WTLDialog\Debug\rc.command.1.tlog
D:\project\vedio_uploader\windows\WTLDialog\WTLDialog\Debug\rc.read.1.tlog
D:\project\vedio_uploader\windows\WTLDialog\WTLDialog\Debug\rc.write.1.tlog
D:\PROJECT\VEDIO_UPLOADER\WINDOWS\WTLDIALOG\WTLDIALOG\DEBUG\UPLOADDIALOG.OBJ
D:\project\vedio_uploader\windows\WTLDialog\WTLDialog\Debug\vc100.idb
D:\PROJECT\VEDIO_UPLOADER\WINDOWS\WTLDIALOG\WTLDIALOG\DEBUG\VC100.PDB
D:\PROJECT\VEDIO_UPLOADER\WINDOWS\WTLDIALOG\WTLDIALOG\DEBUG\WTLDIALOG.EXE.INTERMEDIATE.MANIFEST
D:\PROJECT\VEDIO_UPLOADER\WINDOWS\WTLDIALOG\WTLDIALOG\DEBUG\WTLDIALOG.RES
D:\project\vedio_uploader\windows\WTLDialog\WTLDialog\Debug\WTLDialog.write.1.tlog
