Build started 2020/8/3 18:18:21.
     1>Project "D:\project\vedio_uploader\windows\WTLDialog\WTLDialog\WTLDialog.vcxproj" on node 2 (build target(s)).
     1>InitializeBuildStatus:
         Creating "Debug\WTLDialog.unsuccessfulbuild" because "AlwaysCreate" was specified.
       ClCompile:
         C:\Program Files (x86)\Microsoft Visual Studio 10.0\VC\bin\CL.exe /c /ZI /nologo /W3 /WX- /Od /Oy- /D _UNICODE /D UNICODE /Gm /EHsc /RTC1 /MDd /GS /fp:precise /Zc:wchar_t /Zc:forScope /Fo"Debug\\" /Fd"Debug\vc100.pdb" /Gd /TP /analyze- /errorReport:prompt DialogUtils.cpp firstwindow.CPP main.cpp UploadDialog.cpp
         UploadDialog.cpp
         main.cpp
         firstwindow.CPP
         DialogUtils.cpp
         Generating Code...
       ResourceCompile:
         C:\Program Files (x86)\Microsoft SDKs\Windows\v7.0A\bin\rc.exe /D _UNICODE /D UNICODE /l"0x0409" /nologo /fo"Debug\WTLDialog.res" WTLDialog.rc 
       Link:
         C:\Program Files (x86)\Microsoft Visual Studio 10.0\VC\bin\link.exe /ERRORREPORT:PROMPT /OUT:"D:\project\vedio_uploader\windows\WTLDialog\Debug\WTLDialog.exe" /NOLOGO kernel32.lib user32.lib gdi32.lib winspool.lib comdlg32.lib advapi32.lib shell32.lib ole32.lib oleaut32.lib uuid.lib odbc32.lib odbccp32.lib /MANIFEST /ManifestFile:"Debug\WTLDialog.exe.intermediate.manifest" /MANIFESTUAC:"level='asInvoker' uiAccess='false'" /DEBUG /PDB:"D:\project\vedio_uploader\windows\WTLDialog\Debug\WTLDialog.pdb" /TLBID:1 /DYNAMICBASE /NXCOMPAT /IMPLIB:"D:\project\vedio_uploader\windows\WTLDialog\Debug\WTLDialog.lib" /MACHINE:X86 Debug\WTLDialog.res
         Debug\DialogUtils.obj
         Debug\firstwindow.obj
         Debug\main.obj
         Debug\UploadDialog.obj
         WTLDialog.vcxproj -> D:\project\vedio_uploader\windows\WTLDialog\Debug\WTLDialog.exe
       Manifest:
         C:\Program Files (x86)\Microsoft SDKs\Windows\v7.0A\bin\mt.exe /nologo /verbose /outputresource:"D:\project\vedio_uploader\windows\WTLDialog\Debug\WTLDialog.exe;#1" /manifest Debug\WTLDialog.exe.intermediate.manifest
       FinalizeBuildStatus:
         Deleting file "Debug\WTLDialog.unsuccessfulbuild".
         Touching "Debug\WTLDialog.lastbuildstate".
     1>Done Building Project "D:\project\vedio_uploader\windows\WTLDialog\WTLDialog\WTLDialog.vcxproj" (build target(s)).

Build succeeded.

Time Elapsed 00:00:06.63
